[2024-11-10 22:15:12] INFO: Server is running on http://localhost:3000
[2024-11-10 22:16:41] INFO: Loading module: Admin Nodes Module (v1.0.0)
[2024-11-10 22:16:41] INFO: Loading module: Admin Module (v1.0.0)
[2024-11-10 22:16:41] INFO: Loading module: Admin Users Module (v1.0.0)
[2024-11-10 22:16:41] INFO: Loading module: Auth Module (v1.0.0)
[2024-11-10 22:16:41] INFO: Loading module: Auth System Module (v1.0.0)
[2024-11-10 22:16:41] INFO: Loading module: Core Module (v1.0.0)
[2024-11-10 22:16:41] INFO: Loading module: Account Module (v1.0.0)
[2024-11-10 22:16:41] INFO: Loading module: Dashboard Module (v1.0.0)
[2024-11-10 22:16:41] INFO: Loading module: WS Users Module (v1.0.0)
[2024-11-10 22:16:41] INFO: Server is running on http://localhost:3000
[2024-11-10 22:16:55] INFO: Loading module: Admin Nodes Module (v1.0.0)
[2024-11-10 22:16:55] INFO: Loading module: Admin Module (v1.0.0)
[2024-11-10 22:16:55] INFO: Loading module: Admin Users Module (v1.0.0)
[2024-11-10 22:16:55] INFO: Loading module: Auth Module (v1.0.0)
[2024-11-10 22:16:55] INFO: Loading module: Auth System Module (v1.0.0)
[2024-11-10 22:16:55] INFO: Loading module: Core Module (v1.0.0)
[2024-11-10 22:16:55] INFO: Loading module: Account Module (v1.0.0)
[2024-11-10 22:16:55] INFO: Loading module: Dashboard Module (v1.0.0)
[2024-11-10 22:16:55] INFO: Loading module: WS Users Module (v1.0.0)
[2024-11-10 22:16:55] INFO: Server is running on http://localhost:3000
[2024-11-10 22:17:49] INFO: Loading module: Admin Nodes Module (v1.0.0)
[2024-11-10 22:17:49] INFO: Loading module: Admin Module (v1.0.0)
[2024-11-10 22:17:49] INFO: Loading module: Admin Users Module (v1.0.0)
[2024-11-10 22:17:49] INFO: Loading module: Auth Module (v1.0.0)
[2024-11-10 22:17:49] INFO: Loading module: Auth System Module (v1.0.0)
[2024-11-10 22:17:49] INFO: Loading module: Core Module (v1.0.0)
[2024-11-10 22:17:49] INFO: Loading module: Account Module (v1.0.0)
[2024-11-10 22:17:49] INFO: Loading module: Dashboard Module (v1.0.0)
[2024-11-10 22:17:49] INFO: Loading module: WS Users Module (v1.0.0)
[2024-11-10 22:17:49] INFO: Server is running on http://localhost:3000
[2024-11-10 22:18:06] INFO: Loading module: Admin Nodes Module (v1.0.0)
[2024-11-10 22:18:06] INFO: Loading module: Admin Module (v1.0.0)
[2024-11-10 22:18:06] INFO: Loading module: Admin Users Module (v1.0.0)
[2024-11-10 22:18:06] INFO: Loading module: Auth Module (v1.0.0)
[2024-11-10 22:18:06] INFO: Loading module: Auth System Module (v1.0.0)
[2024-11-10 22:18:06] INFO: Loading module: Core Module (v1.0.0)
[2024-11-10 22:18:06] INFO: Loading module: Account Module (v1.0.0)
[2024-11-10 22:18:06] INFO: Loading module: Dashboard Module (v1.0.0)
[2024-11-10 22:18:06] INFO: Loading module: WS Users Module (v1.0.0)
[2024-11-10 22:18:06] INFO: Server is running on http://localhost:3000
[2024-11-10 22:19:20] INFO: Loading module: Admin Nodes Module (v1.0.0)
[2024-11-10 22:19:20] INFO: Loading module: Admin Module (v1.0.0)
[2024-11-10 22:19:20] INFO: Loading module: Admin Users Module (v1.0.0)
[2024-11-10 22:19:20] INFO: Loading module: Auth Module (v1.0.0)
[2024-11-10 22:19:20] INFO: Loading module: Auth System Module (v1.0.0)
[2024-11-10 22:19:20] INFO: Loading module: Core Module (v1.0.0)
[2024-11-10 22:19:20] INFO: Loading module: Account Module (v1.0.0)
[2024-11-10 22:19:20] INFO: Loading module: Dashboard Module (v1.0.0)
[2024-11-10 22:19:20] INFO: Loading module: WS Users Module (v1.0.0)
[2024-11-10 22:19:20] INFO: Server is running on http://localhost:3000
[2024-11-10 22:19:34] INFO: Loading module: Admin Nodes Module (v1.0.0)
[2024-11-10 22:19:34] INFO: Loading module: Admin Module (v1.0.0)
[2024-11-10 22:19:34] INFO: Loading module: Admin Users Module (v1.0.0)
[2024-11-10 22:19:34] INFO: Loading module: Auth Module (v1.0.0)
[2024-11-10 22:19:34] INFO: Loading module: Auth System Module (v1.0.0)
[2024-11-10 22:19:34] INFO: Loading module: Core Module (v1.0.0)
[2024-11-10 22:19:34] INFO: Loading module: Account Module (v1.0.0)
[2024-11-10 22:19:34] INFO: Loading module: Dashboard Module (v1.0.0)
[2024-11-10 22:19:34] INFO: Loading module: WS Users Module (v1.0.0)
[2024-11-10 22:19:34] INFO: Server is running on http://localhost:3000
[2024-11-10 22:20:09] INFO: Loading module: Admin Nodes Module (v1.0.0)
[2024-11-10 22:20:09] INFO: Loading module: Admin Module (v1.0.0)
[2024-11-10 22:20:09] INFO: Loading module: Admin Users Module (v1.0.0)
[2024-11-10 22:20:09] INFO: Loading module: Auth Module (v1.0.0)
[2024-11-10 22:20:09] INFO: Loading module: Auth System Module (v1.0.0)
[2024-11-10 22:20:09] INFO: Loading module: Core Module (v1.0.0)
[2024-11-10 22:20:09] INFO: Loading module: Account Module (v1.0.0)
[2024-11-10 22:20:09] INFO: Loading module: Dashboard Module (v1.0.0)
[2024-11-10 22:20:09] INFO: Loading module: WS Users Module (v1.0.0)
[2024-11-10 22:20:09] INFO: Server is running on http://localhost:3000
[2024-11-10 22:20:50] INFO: Loading module: Admin Nodes Module (v1.0.0)
[2024-11-10 22:20:50] INFO: Loading module: Admin Module (v1.0.0)
[2024-11-10 22:20:50] INFO: Loading module: Admin Users Module (v1.0.0)
[2024-11-10 22:20:50] INFO: Loading module: Auth Module (v1.0.0)
[2024-11-10 22:20:51] INFO: Loading module: Auth System Module (v1.0.0)
[2024-11-10 22:20:51] INFO: Loading module: Core Module (v1.0.0)
[2024-11-10 22:20:51] INFO: Loading module: Account Module (v1.0.0)
[2024-11-10 22:20:51] INFO: Loading module: Dashboard Module (v1.0.0)
[2024-11-10 22:20:51] INFO: Loading module: WS Users Module (v1.0.0)
[2024-11-10 22:20:51] INFO: Server is running on http://localhost:3000
[2024-11-10 22:21:18] INFO: Loading module: Admin Nodes Module (v1.0.0)
[2024-11-10 22:21:18] INFO: Loading module: Admin Module (v1.0.0)
[2024-11-10 22:21:18] INFO: Loading module: Admin Users Module (v1.0.0)
[2024-11-10 22:21:18] INFO: Loading module: Auth Module (v1.0.0)
[2024-11-10 22:21:18] INFO: Loading module: Auth System Module (v1.0.0)
[2024-11-10 22:21:18] INFO: Loading module: Core Module (v1.0.0)
[2024-11-10 22:21:18] INFO: Loading module: Account Module (v1.0.0)
[2024-11-10 22:21:18] INFO: Loading module: Dashboard Module (v1.0.0)
[2024-11-10 22:21:18] INFO: Loading module: WS Users Module (v1.0.0)
[2024-11-10 22:21:18] INFO: Server is running on http://localhost:3000
[2024-11-10 22:22:05] INFO: Loading module: Admin Nodes Module (v1.0.0)
[2024-11-10 22:22:05] INFO: Loading module: Admin Module (v1.0.0)
[2024-11-10 22:22:05] INFO: Loading module: Admin Users Module (v1.0.0)
[2024-11-10 22:22:05] INFO: Loading module: Auth Module (v1.0.0)
[2024-11-10 22:22:05] INFO: Loading module: Auth System Module (v1.0.0)
[2024-11-10 22:22:05] INFO: Loading module: Core Module (v1.0.0)
[2024-11-10 22:22:05] INFO: Loading module: Account Module (v1.0.0)
[2024-11-10 22:22:05] INFO: Loading module: Dashboard Module (v1.0.0)
[2024-11-10 22:22:05] INFO: Loading module: WS Users Module (v1.0.0)
[2024-11-10 22:22:05] INFO: Server is running on http://localhost:3000
